<?xml version="1.0" encoding="UTF-8"?>
<testsuite name="org.example.achievementservice.service.StatServiceTest" tests="4" skipped="0" failures="0" errors="0" timestamp="2026-04-12T08:58:13.424Z" hostname="DESKTOP-6LTAF33" time="4.352">
  <properties/>
  <testcase name="recordActivity_ShouldIncrementCount()" classname="org.example.achievementservice.service.StatServiceTest" time="4.271"/>
  <testcase name="recordActivity_ShouldCreateNewIfNotFound()" classname="org.example.achievementservice.service.StatServiceTest" time="0.011"/>
  <testcase name="addExperience_ShouldUpdateLevelAndXp()" classname="org.example.achievementservice.service.StatServiceTest" time="0.01"/>
  <testcase name="addReputation_ShouldUpdateReputation()" classname="org.example.achievementservice.service.StatServiceTest" time="0.025"/>
  <system-out><![CDATA[13:58:17.760 [Test worker] INFO org.example.achievementservice.service.StatService -- User 1 gained 50 reputation. Total: 150
]]></system-out>
  <system-err><![CDATA[]]></system-err>
</testsuite>
