<?xml version="1.0" encoding="UTF-8"?>
<testsuite name="org.example.achievementservice.service.AchievementManagerTest" tests="8" skipped="0" failures="0" errors="0" timestamp="2026-04-12T09:40:46.553Z" hostname="DESKTOP-6LTAF33" time="4.142">
  <properties/>
  <testcase name="handleAction_ShouldIgnoreDirectionalAchievement_IfDirectionMismatch()" classname="org.example.achievementservice.service.AchievementManagerTest" time="3.612"/>
  <testcase name="handleAction_ArticlePublished_ShouldGrant100Xp()" classname="org.example.achievementservice.service.AchievementManagerTest" time="0.012"/>
  <testcase name="handleAction_ShouldUnlockDirectionalAchievement()" classname="org.example.achievementservice.service.AchievementManagerTest" time="0.439"/>
  <testcase name="handleAction_Idempotency_ShouldSkipProcessedEvents()" classname="org.example.achievementservice.service.AchievementManagerTest" time="0.006"/>
  <testcase name="handleAction_ArticleRead_ShouldGrant5XpAndTrackDirection()" classname="org.example.achievementservice.service.AchievementManagerTest" time="0.004"/>
  <testcase name="handleAction_CommentAdded_ShouldGrant15Xp()" classname="org.example.achievementservice.service.AchievementManagerTest" time="0.008"/>
  <testcase name="handleAction_ReactionReceived_ShouldGrantXpAndReputation()" classname="org.example.achievementservice.service.AchievementManagerTest" time="0.009"/>
  <testcase name="handleAction_ShouldUnlockGlobalAchievement()" classname="org.example.achievementservice.service.AchievementManagerTest" time="0.008"/>
  <system-out><![CDATA[14:40:49.657 [Test worker] INFO org.example.achievementservice.service.AchievementManager -- Processing action ARTICLE_READ for user 1
14:40:50.210 [Test worker] INFO org.example.achievementservice.service.AchievementManager -- Processing action ARTICLE_PUBLISHED for user 1
14:40:50.221 [Test worker] INFO org.example.achievementservice.service.AchievementManager -- Processing action ARTICLE_READ for user 1
14:40:50.652 [Test worker] INFO org.example.achievementservice.service.AchievementManager -- ]]>&#x1f3c6;<![CDATA[ Achievement Unlocked: Backend Pro for user 1
14:40:50.661 [Test worker] WARN org.example.achievementservice.service.AchievementManager -- Event duplicate already processed. Skipping.
14:40:50.666 [Test worker] INFO org.example.achievementservice.service.AchievementManager -- Processing action ARTICLE_READ for user 1
14:40:50.674 [Test worker] INFO org.example.achievementservice.service.AchievementManager -- Processing action COMMENT_ADDED for user 1
14:40:50.685 [Test worker] INFO org.example.achievementservice.service.AchievementManager -- Processing action REACTION_RECEIVED for user 1
14:40:50.692 [Test worker] INFO org.example.achievementservice.service.AchievementManager -- Processing action ARTICLE_READ for user 1
14:40:50.694 [Test worker] INFO org.example.achievementservice.service.AchievementManager -- ]]>&#x1f3c6;<![CDATA[ Achievement Unlocked: First Steps for user 1
]]></system-out>
  <system-err><![CDATA[]]></system-err>
</testsuite>
